[2015/1/25 - 23:4:8] Franco Stracci ha creado la DoorID 43.
[2015/1/25 - 23:4:26] Franco Stracci ha editado la DoorID 43 - Exterior Personalizado.
[2015/1/25 - 23:4:28] Franco Stracci ha editado la DoorID 43 - Exterior Personalizado.
[2015/1/25 - 23:4:45] Franco Stracci ha editado la DoorID 43 - Facción.
[2015/1/25 - 23:5:1] Franco Stracci editó la DoorID 43 - nombre a Grove Street Families.
[2015/1/25 - 23:13:16] Franco Stracci ha editado la DoorID 43 - PickupModel.
[2015/1/25 - 23:19:47] Franco Stracci ha editado la DoorID 43 - PickupModel.
[2015/1/25 - 23:20:50] Franco Stracci ha creado la DoorID 44.
[2015/1/25 - 23:21:1] Franco Stracci editó la DoorID 44 - nombre a Los Santos Vagos.
[2015/1/25 - 23:21:15] Franco Stracci ha editado la DoorID 44 - Facción.
[2015/1/25 - 23:21:38] Franco Stracci ha editado la DoorID 44 - Exterior Personalizado.
[2015/1/25 - 23:21:39] Franco Stracci ha editado la DoorID 44 - Exterior Personalizado.
[2015/1/25 - 23:21:48] Franco Stracci ha editado la DoorID 44 - PickupModel.
[2015/1/25 - 23:22:29] Franco Stracci ha creado la DoorID 45.
[2015/1/25 - 23:22:42] Franco Stracci editó la DoorID 44 - nombre a Ballas.
[2015/1/25 - 23:22:58] Franco Stracci editó la DoorID 44 - nombre a Los Santos Vagos.
[2015/1/25 - 23:23:3] Franco Stracci editó la DoorID 45 - nombre a Ballas.
[2015/1/25 - 23:23:34] Franco Stracci ha editado la DoorID 45 - Facción.
[2015/1/25 - 23:23:43] Franco Stracci ha editado la DoorID 45 - Exterior Personalizado.
[2015/1/25 - 23:23:44] Franco Stracci ha editado la DoorID 45 - Exterior Personalizado.
[2015/1/25 - 23:34:38] Franco Stracci ha editado la DoorID 45 - Interior
[2015/1/25 - 23:34:45] Franco Stracci ha editado la DoorID 45 - Interior Personalizado.
[2015/1/25 - 23:34:45] Franco Stracci ha editado la DoorID 45 - Interior Personalizado.
[2015/1/25 - 23:35:8] Franco Stracci ha editado la DoorID 44 - Interior
[2015/1/25 - 23:35:14] Franco Stracci ha editado la DoorID 44 - Interior Personalizado.
[2015/1/25 - 23:35:15] Franco Stracci ha editado la DoorID 44 - Interior Personalizado.
[2015/1/25 - 23:35:41] Franco Stracci ha editado la DoorID 45 - PickupModel.
[2015/1/25 - 23:35:56] Franco Stracci ha editado la DoorID 44 - PickupModel.
[2015/1/25 - 23:35:58] Franco Stracci ha editado la DoorID 43 - PickupModel.
[2015/1/25 - 23:42:56] Franco Stracci ha editado la DoorID 43 - Interior
[2015/1/25 - 23:43:1] Franco Stracci ha editado la DoorID 43 - Interior Personalizado.
[2015/1/25 - 23:43:2] Franco Stracci ha editado la DoorID 43 - Interior Personalizado.
[2015/1/27 - 12:57:12] Franco Stracci ha editado la DoorID 46 - Exterior.
[2015/1/27 - 12:57:35] Franco Stracci editó la DoorID 46 - nombre a FBI.
[2015/1/28 - 2:42:51] Franco Stracci ha editado la DoorID 2 - Exterior.
[2015/1/28 - 2:43:17] Franco Stracci ha editado la DoorID 2 - Exterior.
[2015/1/28 - 2:43:20] Franco Stracci ha editado la DoorID 2 - Exterior.
[2015/1/28 - 2:44:17] Franco Stracci ha editado la DoorID 13 - Exterior.
[2015/1/28 - 2:45:21] Franco Stracci ha editado la DoorID 21 - Exterior.
[2015/1/28 - 2:52:13] Franco Stracci a borrado DoorID 14.
