[2015/1/27 - 21:34:12] Franco Stracci has edited HouseID 0's Garage Type.
[2015/1/27 - 21:34:40] Franco Stracci has edited HouseID 140000's Price to $.
[2015/1/27 - 21:35:21] Franco Stracci has edited HouseID 105000's Price to $.
[2015/1/27 - 21:35:29] Franco Stracci has edited HouseID 140000's Price to $.
[2015/1/27 - 21:35:34] Franco Stracci has edited HouseID 105000's Price to $.
[2015/1/27 - 21:36:17] Franco Stracci has edited HouseID 105000's Price to $.
[2015/1/27 - 21:36:33] Franco Stracci has edited HouseID 2's Level to 2.
[2015/1/27 - 21:36:43] Franco Stracci has edited HouseID 1's Level to 2.
[2015/1/27 - 21:36:48] Franco Stracci has edited HouseID 0's Level to 3.
[2015/1/27 - 21:37:30] Franco Stracci has edited HouseID 3's Level to 5.
[2015/1/27 - 21:37:33] Franco Stracci has edited HouseID 2's Level to 5.
[2015/1/27 - 21:37:35] Franco Stracci has edited HouseID 1's Level to 5.
[2015/1/27 - 21:37:47] Franco Stracci has edited HouseID 0's Level to 6.
[2015/1/27 - 21:38:5] Franco Stracci has edited HouseID 105000's Price to $.
[2015/1/27 - 21:38:35] Franco Stracci has edited HouseID 4's Level to 6.
[2015/1/27 - 21:38:37] Franco Stracci has edited HouseID 4's Level to 5.
[2015/1/27 - 21:38:43] Franco Stracci has edited HouseID 105000's Price to $.
[2015/1/27 - 21:39:22] Franco Stracci has edited HouseID 105000's Price to $.
[2015/1/27 - 21:39:49] Franco Stracci has edited HouseID 6's Level to 4.
[2015/1/27 - 21:40:6] Franco Stracci has edited HouseID 85000's Price to $.
[2015/1/27 - 21:40:12] Franco Stracci has edited HouseID 72000's Price to $.
[2015/1/27 - 21:40:32] Franco Stracci has edited HouseID 7's Level to 4.
[2015/1/27 - 21:40:39] Franco Stracci has edited HouseID 72000's Price to $.
[2015/1/27 - 21:42:43] Clicked has edited HouseID 8's Level to 5.
[2015/1/27 - 21:42:56] Clicked has edited HouseID 105000's Price to $.
[2015/1/27 - 21:43:19] Clicked has edited HouseID 9's Level to 6.
[2015/1/27 - 21:43:34] Clicked has edited HouseID 140000's Price to $.
[2015/1/27 - 21:43:48] Clicked has edited HouseID 140000's Price to $.
[2015/1/27 - 21:44:12] Clicked has edited HouseID 9's Garage.
[2015/1/27 - 21:44:29] Clicked has edited HouseID 9's Garage Type.
[2015/1/27 - 21:45:15] Clicked has edited HouseID 10's Level to 5.
[2015/1/27 - 21:45:40] Clicked has edited HouseID 11's Level to 5.
[2015/1/27 - 21:45:47] Clicked has edited HouseID 105000's Price to $.
[2015/1/27 - 21:46:16] Clicked has edited HouseID 12's Level to 4.
[2015/1/27 - 21:46:27] Clicked has edited HouseID 72000's Price to $.
[2015/1/27 - 21:47:14] Clicked has edited HouseID 72000's Price to $.
[2015/1/27 - 21:47:19] Clicked has edited HouseID 14's Level to 4.
[2015/1/27 - 21:47:48] Clicked has edited HouseID 165000's Price to $.
[2015/1/27 - 21:47:56] Clicked has edited HouseID 15's Level to 7.
[2015/1/27 - 21:48:12] Clicked has edited HouseID 16's Level to 7.
[2015/1/27 - 21:48:16] Clicked has edited HouseID 165000's Price to $.
[2015/1/27 - 21:48:40] Clicked has edited HouseID 165000's Price to $.
[2015/1/27 - 21:48:46] Clicked has edited HouseID 17's Level to 7.
[2015/1/27 - 21:49:35] Clicked has edited HouseID 18's Garage.
[2015/1/27 - 21:49:39] Clicked has edited HouseID 18's Garage Type.
[2015/1/27 - 21:49:55] Clicked has edited HouseID 18's Level to 8.
[2015/1/27 - 21:50:37] Clicked has edited HouseID 19's Level to 8.
[2015/1/27 - 21:50:52] Clicked has edited HouseID 19's Garage Type.
[2015/1/27 - 21:50:58] Clicked has edited HouseID 19's Garage.
[2015/1/27 - 21:51:24] Clicked has edited HouseID 20's Level to 8.
[2015/1/27 - 21:51:39] Clicked has edited HouseID 20's Garage Type.
[2015/1/27 - 21:51:42] Clicked has edited HouseID 20's Garage.
[2015/1/27 - 21:51:54] Clicked has edited HouseID 21's Level to 8.
[2015/1/27 - 21:52:5] Clicked has edited HouseID 21's Garage.
[2015/1/27 - 21:52:9] Clicked has edited HouseID 21's Garage Type.
[2015/1/27 - 21:52:27] Clicked has edited HouseID 22's Level to 16.
[2015/1/27 - 21:52:31] Clicked has edited HouseID 22's Level to 8.
[2015/1/27 - 21:52:47] Clicked has edited HouseID 22's Garage Type.
[2015/1/27 - 21:52:51] Clicked has edited HouseID 22's Garage.
[2015/1/27 - 21:53:29] Clicked has edited HouseID 23's Garage Type.
[2015/1/27 - 21:53:31] Clicked has edited HouseID 23's Garage.
[2015/1/27 - 21:54:27] Clicked has edited HouseID 24's Garage Type.
[2015/1/27 - 21:54:31] Clicked has edited HouseID 24's Garage.
[2015/1/27 - 21:55:0] Clicked has edited HouseID 25's Garage.
[2015/1/27 - 21:55:3] Clicked has edited HouseID 25's Garage Type.
[2015/1/27 - 21:55:32] Clicked has edited HouseID 26's Garage.
[2015/1/27 - 21:55:35] Clicked has edited HouseID 26's Garage Type.
[2015/1/27 - 21:56:32] Clicked has edited HouseID 9's Level to 4219316.
[2015/1/27 - 21:56:43] Clicked has edited HouseID 9's Level to 5.
[2015/1/27 - 21:56:49] Clicked has edited HouseID 28's Level to 9.
[2015/1/27 - 21:57:4] Clicked has edited HouseID 28's Garage Type.
[2015/1/27 - 21:57:8] Clicked has edited HouseID 28's Garage.
[2015/1/27 - 21:57:46] Clicked has edited HouseID 30's Garage.
[2015/1/27 - 21:57:50] Clicked has edited HouseID 30's Garage Type.
[2015/1/27 - 21:57:54] Clicked has edited HouseID 30's Garage Type.
[2015/1/27 - 21:58:44] Clicked has edited HouseID 34's Garage.
[2015/1/27 - 21:58:48] Clicked has edited HouseID 34's Garage Type.
[2015/1/27 - 21:58:51] Clicked has edited HouseID 34's Garage Type.
[2015/1/27 - 21:58:56] Clicked has edited HouseID 34's Garage Type.
[2015/1/27 - 21:59:50] Clicked has edited HouseID 40's Garage Type.
[2015/1/27 - 21:59:53] Clicked has edited HouseID 40's Garage.
[2015/1/27 - 22:0:55] Clicked has edited HouseID 41's Garage Type.
[2015/1/27 - 22:0:59] Clicked has edited HouseID 41's Garage.
[2015/1/27 - 22:1:30] Clicked has edited HouseID 42's Garage.
[2015/1/27 - 22:1:35] Clicked has edited HouseID 42's Garage Type.
[2015/1/27 - 22:1:51] Clicked has edited HouseID 43's Garage Type.
[2015/1/27 - 22:1:55] Clicked has edited HouseID 43's Garage.
[2015/1/27 - 22:1:58] Clicked has edited HouseID 43's Garage Type.
[2015/1/27 - 22:2:44] Clicked has edited HouseID 45's Garage.
[2015/1/27 - 22:2:48] Clicked has edited HouseID 45's Garage Type.
[2015/1/27 - 22:3:8] Clicked has edited HouseID 46's Garage Type.
[2015/1/27 - 22:3:12] Clicked has edited HouseID 46's Garage.
[2015/1/27 - 22:3:51] Clicked has edited HouseID 48's Garage.
[2015/1/27 - 22:3:53] Clicked has edited HouseID 48's Garage.
[2015/1/27 - 22:4:6] Clicked has edited HouseID 48's Garage Type.
[2015/1/27 - 22:4:31] Clicked has edited HouseID 49's Garage.
[2015/1/27 - 22:4:35] Clicked has edited HouseID 49's Garage Type.
[2015/1/27 - 22:5:18] Clicked has edited HouseID 52's Garage.
[2015/1/27 - 22:5:23] Clicked has edited HouseID 52's Garage Type.
[2015/1/27 - 22:5:55] Clicked has edited HouseID 54's Garage Type.
[2015/1/27 - 22:5:59] Clicked has edited HouseID 54's Garage.
[2015/1/27 - 22:6:12] Clicked has edited HouseID 55's Garage.
[2015/1/27 - 22:6:15] Clicked has edited HouseID 55's Garage Type.
[2015/1/27 - 22:6:55] Clicked has edited HouseID 58's Garage.
[2015/1/27 - 22:7:0] Clicked has edited HouseID 58's Garage Type.
[2015/1/27 - 22:7:49] Clicked has edited HouseID 60's Garage Type.
[2015/1/27 - 22:7:53] Clicked has edited HouseID 60's Garage.
[2015/1/27 - 22:8:8] Clicked has edited HouseID 61's Garage.
[2015/1/27 - 22:8:11] Clicked has edited HouseID 61's Garage Type.
[2015/1/27 - 22:8:29] Clicked has edited HouseID 62's Garage Type.
[2015/1/27 - 22:8:32] Clicked has edited HouseID 62's Garage.
[2015/1/27 - 22:8:46] Clicked has edited HouseID 63's Garage.
[2015/1/27 - 22:8:51] Clicked has edited HouseID 63's Garage Type.
[2015/1/27 - 22:9:5] Clicked has edited HouseID 64's Garage Type.
[2015/1/27 - 22:9:8] Clicked has edited HouseID 64's Garage.
[2015/1/27 - 22:9:20] Clicked has edited HouseID 65's Garage.
[2015/1/27 - 22:9:23] Clicked has edited HouseID 65's Garage Type.
[2015/1/27 - 22:9:49] Clicked has edited HouseID 66's Garage Type.
[2015/1/27 - 22:9:53] Clicked has edited HouseID 66's Garage.
[2015/1/27 - 22:10:4] Clicked has edited HouseID 67's Garage.
[2015/1/27 - 22:10:7] Clicked has edited HouseID 67's Garage Type.
[2015/1/27 - 22:10:29] Clicked has edited HouseID 69's Garage Type.
[2015/1/27 - 22:10:32] Clicked has edited HouseID 69's Garage.
[2015/1/27 - 22:10:51] Clicked has edited HouseID 70's Garage.
[2015/1/27 - 22:10:56] Clicked has edited HouseID 70's Garage Type.
[2015/1/27 - 22:11:4] Clicked has edited HouseID 71's Garage Type.
[2015/1/27 - 22:11:6] Clicked has edited HouseID 71's Garage.
[2015/1/27 - 22:12:48] Clicked has edited HouseID 88's Garage.
[2015/1/27 - 22:12:51] Clicked has edited HouseID 88's Garage Type.
[2015/1/27 - 22:13:14] Clicked has edited HouseID 90's Garage Type.
[2015/1/27 - 22:13:18] Clicked has edited HouseID 90's Garage.
[2015/1/27 - 22:13:57] Clicked has edited HouseID 92's Garage.
[2015/1/27 - 22:14:3] Clicked has edited HouseID 92's Garage Type.
[2015/1/27 - 22:14:51] Clicked has edited HouseID 108's Garage.
[2015/1/27 - 22:14:59] Clicked has edited HouseID 108's Garage Type.
[2015/1/27 - 22:15:28] Clicked has edited HouseID 110's Garage.
[2015/1/27 - 22:15:34] Clicked has edited HouseID 110's Garage Type.
[2015/1/27 - 22:17:30] Clicked has edited HouseID 122's Garage.
[2015/1/27 - 22:17:33] Clicked has edited HouseID 122's Garage Type.
[2015/1/27 - 22:17:54] Clicked has edited HouseID 124's Garage Type.
[2015/1/27 - 22:17:59] Clicked has edited HouseID 124's Garage.
[2015/1/27 - 22:18:2] Clicked has edited HouseID 124's Garage Type.
[2015/1/27 - 22:19:17] Clicked has edited HouseID 136's Garage.
[2015/1/27 - 22:19:22] Clicked has edited HouseID 136's Garage Type.
[2015/1/27 - 22:19:55] Clicked has edited HouseID 140's Garage.
[2015/1/27 - 22:19:58] Clicked has edited HouseID 140's Garage Type.
[2015/1/27 - 22:20:24] Clicked has edited HouseID 142's Garage.
[2015/1/27 - 22:20:28] Clicked has edited HouseID 142's Garage Type.
[2015/1/27 - 22:20:39] Clicked has edited HouseID 143's Garage Type.
[2015/1/27 - 22:20:42] Clicked has edited HouseID 143's Garage.
[2015/1/27 - 22:20:52] Clicked has edited HouseID 144's Garage.
[2015/1/27 - 22:20:55] Clicked has edited HouseID 144's Garage Type.
[2015/1/27 - 22:21:32] Clicked has edited HouseID 152's Garage.
[2015/1/27 - 22:21:39] Clicked has edited HouseID 152's Garage Type.
[2015/1/27 - 22:22:12] Clicked has edited HouseID 156's Garage.
[2015/1/27 - 22:22:17] Clicked has edited HouseID 156's Garage Type.
[2015/1/27 - 22:22:55] Clicked has edited HouseID 159's Garage.
[2015/1/27 - 22:22:58] Clicked has edited HouseID 159's Garage Type.
[2015/1/27 - 22:24:16] Clicked has edited HouseID 166's Garage.
[2015/1/27 - 22:24:21] Clicked has edited HouseID 166's Garage Type.
